=2022-01-10 11:38:06,104 [restartedMain] INFO  com.lt.crs.CrsDevAppRestApplication                : /Starting CrsDevAppRestApplication using Java 17 on LAPTOP-ELNHNAGH with PID 9164 (D:\sts-workspace\CRS-DEV-APP-REST\target\classes started by saiku in D:\sts-workspace\CRS-DEV-APP-REST)
=2022-01-10 11:38:06,106 [restartedMain] INFO  com.lt.crs.CrsDevAppRestApplication                : /No active profile set, falling back to default profiles: default
=2022-01-10 11:38:06,142 [restartedMain] INFO  o.s.b.d.e.DevToolsPropertyDefaultsPostProcessor    : /Devtools property defaults active! Set 'spring.devtools.add-properties' to 'false' to disable
=2022-01-10 11:38:06,143 [restartedMain] INFO  o.s.b.d.e.DevToolsPropertyDefaultsPostProcessor    : /For additional web related logging consider setting the 'logging.level.web' property to 'DEBUG'
=2022-01-10 11:38:06,856 [restartedMain] INFO  o.s.d.r.c.RepositoryConfigurationDelegate          : /Bootstrapping Spring Data JPA repositories in DEFAULT mode.
=2022-01-10 11:38:06,913 [restartedMain] INFO  o.s.d.r.c.RepositoryConfigurationDelegate          : /Finished Spring Data repository scanning in 50 ms. Found 9 JPA repository interfaces.
=2022-01-10 11:38:07,430 [restartedMain] INFO  o.s.b.w.embedded.tomcat.TomcatWebServer            : /Tomcat initialized with port(s): 1234 (http)
=2022-01-10 11:38:07,439 [restartedMain] INFO  org.apache.catalina.core.StandardService           : /Starting service [Tomcat]
=2022-01-10 11:38:07,440 [restartedMain] INFO  org.apache.catalina.core.StandardEngine            : /Starting Servlet engine: [Apache Tomcat/9.0.56]
=2022-01-10 11:38:07,544 [restartedMain] INFO  o.a.c.c.C.[Tomcat].[localhost].[/]                 : /Initializing Spring embedded WebApplicationContext
=2022-01-10 11:38:07,544 [restartedMain] INFO  o.s.b.w.s.c.ServletWebServerApplicationContext     : /Root WebApplicationContext: initialization completed in 1398 ms
=2022-01-10 11:38:07,709 [restartedMain] INFO  o.hibernate.jpa.internal.util.LogHelper            : /HHH000204: Processing PersistenceUnitInfo [name: default]
=2022-01-10 11:38:07,773 [restartedMain] INFO  org.hibernate.Version                              : /HHH000412: Hibernate ORM core version 5.6.3.Final
=2022-01-10 11:38:07,942 [restartedMain] INFO  org.hibernate.annotations.common.Version           : /HCANN000001: Hibernate Commons Annotations {5.1.2.Final}
=2022-01-10 11:38:08,078 [restartedMain] INFO  com.zaxxer.hikari.HikariDataSource                 : /HikariPool-1 - Starting...
=2022-01-10 11:38:08,351 [restartedMain] INFO  com.zaxxer.hikari.HikariDataSource                 : /HikariPool-1 - Start completed.
=2022-01-10 11:38:08,372 [restartedMain] INFO  org.hibernate.dialect.Dialect                      : /HHH000400: Using dialect: org.hibernate.dialect.MySQL8Dialect
=2022-01-10 11:38:08,996 [restartedMain] INFO  o.h.e.t.j.p.i.JtaPlatformInitiator                 : /HHH000490: Using JtaPlatform implementation: [org.hibernate.engine.transaction.jta.platform.internal.NoJtaPlatform]
=2022-01-10 11:38:09,001 [restartedMain] INFO  o.s.o.j.LocalContainerEntityManagerFactoryBean     : /Initialized JPA EntityManagerFactory for persistence unit 'default'
=2022-01-10 11:38:09,518 [restartedMain] WARN  o.s.b.a.o.j.JpaBaseConfiguration$JpaWebConfiguration : /spring.jpa.open-in-view is enabled by default. Therefore, database queries may be performed during view rendering. Explicitly configure spring.jpa.open-in-view to disable this warning
=2022-01-10 11:38:10,026 [restartedMain] INFO  o.s.b.d.a.OptionalLiveReloadServer                 : /LiveReload server is running on port 35729
=2022-01-10 11:38:10,059 [restartedMain] INFO  o.s.b.w.embedded.tomcat.TomcatWebServer            : /Tomcat started on port(s): 1234 (http) with context path ''
=2022-01-10 11:38:10,066 [restartedMain] INFO  com.lt.crs.CrsDevAppRestApplication                : /Started CrsDevAppRestApplication in 4.206 seconds (JVM running for 4.832)
=2022-01-10 11:38:36,980 [http-nio-1234-exec-1] INFO  o.a.c.c.C.[Tomcat].[localhost].[/]                 : /Initializing Spring DispatcherServlet 'dispatcherServlet'
=2022-01-10 11:38:36,980 [http-nio-1234-exec-1] INFO  o.s.web.servlet.DispatcherServlet                  : /Initializing Servlet 'dispatcherServlet'
=2022-01-10 11:38:36,984 [http-nio-1234-exec-1] INFO  o.s.web.servlet.DispatcherServlet                  : /Completed initialization in 4 ms
=2022-01-10 11:38:38,228 [http-nio-1234-exec-6] INFO  o.springdoc.api.AbstractOpenApiResource            : /Init duration for springdoc-openapi is: 615 ms
=2022-01-10 17:03:16,184 [RMI TCP Connection(334)-127.0.0.1] INFO  o.s.b.a.SpringApplicationAdminMXBeanRegistrar$SpringApplicationAdmin : /Application shutdown requested.
=2022-01-10 17:03:16,208 [RMI TCP Connection(334)-127.0.0.1] INFO  o.s.o.j.LocalContainerEntityManagerFactoryBean     : /Closing JPA EntityManagerFactory for persistence unit 'default'
=2022-01-10 17:03:16,211 [RMI TCP Connection(334)-127.0.0.1] INFO  com.zaxxer.hikari.HikariDataSource                 : /HikariPool-1 - Shutdown initiated...
=2022-01-10 17:03:16,216 [RMI TCP Connection(334)-127.0.0.1] INFO  com.zaxxer.hikari.HikariDataSource                 : /HikariPool-1 - Shutdown completed.
